   0.0000000000000000        1.3131438145511030     
   2.3570226039551587E-003   1.3131303350108137     
   4.7140452079103175E-003   1.3131078709512123     
   7.0710678118654753E-003   1.3130764252469300     
   9.4280904158206350E-003   1.3130360015739235     
   1.1785113019775792E-002   1.3129866051107149     
   1.4142135623730951E-002   1.3129282421357626     
   1.6499158227686109E-002   1.3128609204395112     
   1.8856180831641270E-002   1.3127846487863593     
   2.1213203435596427E-002   1.3126994374610284     
   2.3570226039551584E-002   1.3126052975898315     
   2.5927248643506744E-002   1.3125022415942391     
   2.8284271247461901E-002   1.3123902832018708     
   3.0641293851417062E-002   1.3122694366695811     
   3.2998316455372219E-002   1.3121397178949030     
   3.5355339059327383E-002   1.3120011437113717     
   3.7712361663282540E-002   1.3118537322389774     
   4.0069384267237690E-002   1.3116975024411512     
   4.2426406871192854E-002   1.3115324747240769     
   4.4783429475148018E-002   1.3113586704405893     
   4.7140452079103168E-002   1.3111761126927259     
   4.9497474683058332E-002   1.3109848250562832     
   5.1854497287013489E-002   1.3107848324671973     
   5.4211519890968639E-002   1.3105761605789585     
   5.6568542494923803E-002   1.3103588368497918     
   5.8925565098878960E-002   1.3101328894289479     
   6.1282587702834124E-002   1.3098983472702534     
   6.3639610306789274E-002   1.3096552408384112     
   6.5996632910744438E-002   1.3094036009232723     
   6.8353655514699588E-002   1.3091434600277794     
   7.0710678118654766E-002   1.3088748512486788     
   7.3067700722609916E-002   1.3085978091055799     
   7.5424723326565080E-002   1.3083123691005294     
   7.7781745930520230E-002   1.3080185672037952     
   8.0138768534475380E-002   1.3077164407721595     
   8.2495791138430544E-002   1.3074060280841149     
   8.4852813742385708E-002   1.3070873686087388     
   8.7209836346340872E-002   1.3067605020890738     
   8.9566858950296036E-002   1.3064254694967481     
   9.1923881554251186E-002   1.3060823127036156     
   9.4280904158206336E-002   1.3057310743877839     
   9.6637926762161486E-002   1.3053717981421162     
   9.8994949366116664E-002   1.3050045285371692     
  0.10135197197007181        1.3046293111021792     
  0.10370899457402698        1.3042461924573092     
  0.10606601717798213        1.3038552197745148     
  0.10842303978193728        1.3034564412905805     
  0.11078006238589246        1.3030499057938938     
  0.11313708498984761        1.3026356629126801     
  0.11549410759380276        1.3022137630903179     
  0.11785113019775792        1.3017842576745611     
  0.12020815280171310        1.3013471987479241     
  0.12256517540566825        1.3009026385249396     
  0.12492219800962340        1.3004506308182697     
  0.12727922061357855        1.2999912295709859     
  0.12963624321753370        1.2995244898168650     
  0.13199326582148888        1.2990504668804874     
  0.13435028842544403        1.2985692166409810     
  0.13670731102939918        1.2980807959397760     
  0.13906433363335435        1.2975852620810011     
  0.14142135623730953        1.2970826732317586     
  0.14377837884126468        1.2965730882845181     
  0.14613540144521983        1.2960565665339678     
  0.14849242404917498        1.2955331677331199     
  0.15084944665313016        1.2950029521947384     
  0.15320646925708531        1.2944659805535013     
  0.15556349186104046        1.2939223142519631     
  0.15792051446499561        1.2933720151015222     
  0.16027753706895076        1.2928151456014307     
  0.16263455967290594        1.2922517683924470     
  0.16499158227686109        1.2916819463936782     
  0.16734860488081624        1.2911057430709894     
  0.16970562748477142        1.2905232227496215     
  0.17206265008872657        1.2899344495661937     
  0.17441967269268174        1.2893394887061229     
  0.17677669529663689        1.2887384050961785     
  0.17913371790059207        1.2881312642899603     
  0.18149074050454719        1.2875181321814859     
  0.18384776310850237        1.2868990750500844     
  0.18620478571245749        1.2862741595554952     
  0.18856180831641267        1.2856434525896765     
  0.19091883092036785        1.2850070210619404     
  0.19327585352432297        1.2843649325182913     
  0.19563287612827815        1.2837172547388258     
  0.19798989873223333        1.2830640554291535     
  0.20034692133618845        1.2824054029072081     
  0.20270394394014363        1.2817413657159837     
  0.20506096654409878        1.2810720120520842     
  0.20741798914805396        1.2803974104693423     
  0.20977501175200911        1.2797176291570487     
  0.21213203435596426        1.2790327369224239     
  0.21448905695991941        1.2783428024525358     
  0.21684607956387456        1.2776478948561838     
  0.21920310216782973        1.2769480829914868     
  0.22156012477178491        1.2762434358944170     
  0.22391714737574003        1.2755340225966505     
  0.22627416997969521        1.2748199123626092     
  0.22863119258365033        1.2741011743796695     
  0.23098821518760551        1.2733778780026632     
  0.23334523779156069        1.2726500922171891     
  0.23570226039551584        1.2719178857320192     
  0.23805928299947099        1.2711813275304498     
  0.24041630560342619        1.2704404864270353     
  0.24277332820738132        1.2696954314237339     
  0.24513035081133649        1.2689462316625681     
  0.24748737341529162        1.2681929556100389     
  0.24984439601924679        1.2674356724603055     
  0.25220141862320200        1.2666744503027512     
  0.25455844122715710        1.2659093579470575     
  0.25691546383111225        1.2651404641882176     
  0.25927248643506740        1.2643678373090277     
  0.26162950903902260        1.2635915450177515     
  0.26398653164297775        1.2628116555745290     
  0.26634355424693290        1.2620282363327771     
  0.26870057685088805        1.2612413550041166     
  0.27105759945484326        1.2604510790527539     
  0.27341462205879835        1.2596574757110919     
  0.27577164466275356        1.2588606118387491     
  0.27812866726670871        1.2580605542970638     
  0.28048568987066386        1.2572573693302016     
  0.28284271247461906        1.2564511235883760     
  0.28519973507857416        1.2556418829193012     
  0.28755675768252936        1.2548297128676607     
  0.28991378028648446        1.2540146785772419     
  0.29227080289043966        1.2531968448584820     
  0.29462782549439481        1.2523762765972304     
  0.29698484809834996        1.2515530376795292     
  0.29934187070230511        1.2507271928383255     
  0.30169889330626032        1.2498988052812219     
  0.30405591591021541        1.2490679385369454     
  0.30641293851417062        1.2482346557492876     
  0.30876996111812571        1.2473990195123024     
  0.31112698372208092        1.2465610919139574     
  0.31348400632603607        1.2457209348086478     
  0.31584102892999122        1.2448786096767022     
  0.31819805153394637        1.2440341775941626     
  0.32055507413790152        1.2431876990711381     
  0.32291209674185672        1.2423392343778294     
  0.32526911934581187        1.2414888435300593     
  0.32762614194976702        1.2406365859966508     
  0.32998316455372217        1.2397825211060092     
  0.33234018715767732        1.2389267070075725     
  0.33469720976163247        1.2380692024441553     
  0.33705423236558768        1.2372100654037268     
  0.33941125496954283        1.2363493531819494     
  0.34176827757349798        1.2354871227509883     
  0.34412530017745313        1.2346234304941339     
  0.34648232278140828        1.2337583324195249     
  0.34883934538536349        1.2328918839757026     
  0.35119636798931858        1.2320241405671826     
  0.35355339059327379        1.2311551565878123     
  0.35591041319722894        1.2302849864662753     
  0.35826743580118414        1.2294136839118301     
  0.36062445840513924        1.2285413022164782     
  0.36298148100909439        1.2276678940438794     
  0.36533850361304959        1.2267935119447666     
  0.36769552621700474        1.2259182075204826     
  0.37005254882095989        1.2250420322330069     
  0.37240957142491499        1.2241650369882773     
  0.37476659402887019        1.2232872721452035     
  0.37712361663282534        1.2224087874597476     
  0.37948063923678049        1.2215296322202829     
  0.38183766184073570        1.2206498554733416     
  0.38419468444469079        1.2197695053880533     
  0.38655170704864594        1.2188886300785391     
  0.38890872965260115        1.2180072766576557     
  0.39126575225655630        1.2171254919858139     
  0.39362277486051145        1.2162433229139096     
  0.39597979746446665        1.2153608152146647     
  0.39833682006842180        1.2144780147369232     
  0.40069384267237690        1.2135949665903614     
  0.40305086527633205        1.2127117151040221     
  0.40540788788028725        1.2118283045879872     
  0.40776491048424240        1.2109447784143785     
  0.41012193308819755        1.2100611795861462     
  0.41247895569215276        1.2091775509363960     
  0.41483597829610791        1.2082939344083348     
  0.41719300090006300        1.2074103715694868     
  0.41955002350401821        1.2065269035085844     
  0.42190704610797336        1.2056435707172353     
  0.42426406871192851        1.2047604133420891     
  0.42662109131588372        1.2038774711304296     
  0.42897811391983881        1.2029947831321974     
  0.43133513652379396        1.2021123875404063     
  0.43369215912774911        1.2012303226597469     
  0.43604918173170432        1.2003486256500058     
  0.43840620433565947        1.1994673336961794     
  0.44076322693961462        1.1985864831173512     
  0.44312024954356982        1.1977061098630151     
  0.44547727214752497        1.1968262492446342     
  0.44783429475148007        1.1959469364104469     
  0.45019131735543527        1.1950682058104782     
  0.45254833995939042        1.1941900918796449     
  0.45490536256334557        1.1933126280856390     
  0.45726238516730067        1.1924358480679611     
  0.45961940777125593        1.1915597842579644     
  0.46197643037521102        1.1906844692926122     
  0.46433345297916617        1.1898099348457454     
  0.46669047558312138        1.1889362124220628     
  0.46904749818707653        1.1880633329445165     
  0.47140452079103168        1.1871913267356504     
  0.47376154339498688        1.1863202236379855     
  0.47611856599894198        1.1854500530131009     
  0.47847558860289713        1.1845808440702290     
  0.48083261120685239        1.1837126257868145     
  0.48318963381080748        1.1828454263324997     
  0.48554665641476263        1.1819792733442787     
  0.48790367901871773        1.1811141944588763     
  0.49026070162267299        1.1802502165651132     
  0.49261772422662808        1.1793873664619199     
  0.49497474683058323        1.1785256702106361     
  0.49733176943453844        1.1776651533090641     
  0.49968879203849359        1.1768058408470476     
  0.50204581464244868        1.1759477572469821     
  0.50440283724640400        1.1750909272108570     
  0.50675985985035910        1.1742353745817433     
  0.50911688245431419        1.1733811231188802     
  0.51147390505826940        1.1725281960642420     
  0.51383092766222449        1.1716766163014820     
  0.51618795026617970        1.1708264060052818     
  0.51854497287013479        1.1699775872765716     
  0.52090199547409000        1.1691301816607786     
  0.52325901807804520        1.1682842105265470     
  0.52561604068200030        1.1674396944289345     
  0.52797306328595550        1.1665966535652630     
  0.53033008588991060        1.1657551084031190     
  0.53268710849386580        1.1649150786229312     
  0.53504413109782101        1.1640765837067473     
  0.53740115370177610        1.1632396428403968     
  0.53975817630573131        1.1624042749880903     
  0.54211519890968651        1.1615704983869637     
  0.54447222151364161        1.1607383311703383     
  0.54682924411759670        1.1599077907986748     
  0.54918626672155191        1.1590788949722490     
  0.55154328932550711        1.1582516605307054     
  0.55390031192946221        1.1574261041269984     
  0.55625733453341741        1.1566022419418860     
  0.55861435713737262        1.1557800898476251     
  0.56097137974132771        1.1549596636810335     
  0.56332840234528281        1.1541409788942223     
  0.56568542494923812        1.1533240508279592     
  0.56804244755319322        1.1525088941690149     
  0.57039947015714831        1.1516955234645045     
  0.57275649276110352        1.1508839525331929     
  0.57511351536505873        1.1500741951124460     
  0.57747053796901382        1.1492662648132674     
  0.57982756057296891        1.1484601745077347     
  0.58218458317692412        1.1476559371046544     
  0.58454160578087933        1.1468535651409435     
  0.58689862838483442        1.1460530703169267     
  0.58925565098878963        1.1452544649558671     
  0.59161267359274472        1.1444577607617463     
  0.59396969619669993        1.1436629695373421     
  0.59632671880065513        1.1428701019494030     
  0.59868374140461023        1.1420791689683232     
  0.60104076400856532        1.1412901810066989     
  0.60339778661252064        1.1405031484577706     
  0.60575480921647573        1.1397180816387948     
  0.60811183182043083        1.1389349901845298     
  0.61046885442438603        1.1381538837168799     
  0.61282587702834124        1.1373747717786444     
  0.61518289963229633        1.1365976636819972     
  0.61753992223625143        1.1358225686648800     
  0.61989694484020663        1.1350494951760999     
  0.62225396744416184        1.1342784518871882     
  0.62461099004811693        1.1335094472994698     
  0.62696801265207214        1.1327424891985893     
  0.62932503525602734        1.1319775862480932     
  0.63168205785998244        1.1312147458443385     
  0.63403908046393753        1.1304539755014007     
  0.63639610306789274        1.1296952827449431     
  0.63875312567184794        1.1289386745464476     
  0.64111014827580304        1.1281841576558171     
  0.64346717087975824        1.1274317389311308     
  0.64582419348371345        1.1266814244555541     
  0.64818121608766854        1.1259332211611326     
  0.65053823869162375        1.1251871348854732     
  0.65289526129557884        1.1244431714433822     
  0.65525228389953405        1.1237013365423449     
  0.65760930650348925        1.1229616354865246     
  0.65996632910744435        1.1222240738068172     
  0.66232335171139944        1.1214886565063009     
  0.66468037431535465        1.1207553891717590     
  0.66703739691930986        1.1200242762106820     
  0.66939441952326495        1.1192953223178257     
  0.67175144212722016        1.1185685320206717     
  0.67410846473117536        1.1178439094429755     
  0.67646548733513046        1.1171214590199849     
  0.67882250993908566        1.1164011845472186     
  0.68117953254304087        1.1156830901085897     
  0.68353655514699596        1.1149671794197413     
  0.68589357775095106        1.1142534561341317     
  0.68825060035490626        1.1135419237471065     
  0.69060762295886147        1.1128325856252517     
  0.69296464556281656        1.1121254451274665     
  0.69532166816677166        1.1114205051451103     
  0.69767869077072697        1.1107177681589993     
  0.70003571337468207        1.1100172372248880     
  0.70239273597863716        1.1093189152575527     
  0.70474975858259237        1.1086228047327125     
  0.70710678118654757        1.1079289081399777     
  0.70946380379050278        1.1072372275666722     
  0.71182082639445787        1.1065477655014513     
  0.71417784899841297        1.1058605243076269     
  0.71653487160236828        1.1051755057365806     
  0.71889189420632327        1.1044927117792724     
  0.72124891681027847        1.1038121439885813     
  0.72360593941423368        1.1031338037767078     
  0.72596296201818877        1.1024576926630034     
  0.72831998462214398        1.1017838120153254     
  0.73067700722609918        1.1011121628944915     
  0.73303402983005417        1.1004427466884985     
  0.73539105243400948        1.0997755645102913     
  0.73774807503796458        1.0991106173821157     
  0.74010509764191978        1.0984479061235304     
  0.74246212024587488        1.0977874319649856     
  0.74481914284982997        1.0971291954238465     
  0.74717616545378518        1.0964731974390072     
  0.74953318805774038        1.0958194387944757     
  0.75189021066169548        1.0951679197661559     
  0.75424723326565069        1.0945186406624432     
  0.75660425586960589        1.0938716018362677     
  0.75896127847356099        1.0932268037098152     
  0.76131830107751619        1.0925842467098927     
  0.76367532368147140        1.0919439310873675     
  0.76603234628542638        1.0913058573114196     
  0.76838936888938159        1.0906700255238384     
  0.77074639149333690        1.0900364360482615     
  0.77310341409729189        1.0894050888776039     
  0.77546043670124709        1.0887759841124889     
  0.77781745930520230        1.0881491211649157     
  0.78017448190915739        1.0875244998351221     
  0.78253150451311260        1.0869021194770465     
  0.78488852711706780        1.0862819800047723     
  0.78724554972102290        1.0856640810201195     
  0.78960257232497810        1.0850484219507888     
  0.79195959492893331        1.0844350023894882     
  0.79431661753288829        1.0838238215633493     
  0.79667364013684361        1.0832148791502292     
  0.79903066274079859        1.0826081747213416     
  0.80138768534475380        1.0820037077627231     
  0.80374470794870900        1.0814014775819496     
  0.80610173055266410        1.0808014830978430     
  0.80845875315661930        1.0802037237240083     
  0.81081577576057451        1.0796081980258436     
  0.81317279836452960        1.0790149055235687     
  0.81552982096848481        1.0784238451429433     
  0.81788684357244001        1.0778350158992076     
  0.82024386617639511        1.0772484169258589     
  0.82260088878035031        1.0766640472490443     
  0.82495791138430552        1.0760819062337463     
  0.82731493398826050        1.0755019927541847     
  0.82967195659221582        1.0749243058039009     
  0.83202897919617091        1.0743488443041216     
  0.83438600180012601        1.0737756071008617     
  0.83674302440408121        1.0732045929870193     
  0.83910004700803642        1.0726358006341570     
  0.84145706961199151        1.0720692290576868     
  0.84381409221594672        1.0715048767086273     
  0.84617111481990193        1.0709427422989808     
  0.84852813742385702        1.0703828246484643     
  0.85088516002781223        1.0698251224091035     
  0.85324218263176743        1.0692696342511365     
  0.85559920523572253        1.0687163591325706     
  0.85795622783967762        1.0681652959248973     
  0.86031325044363272        1.0676164433692348     
  0.86267027304758792        1.0670698002692927     
  0.86502729565154324        1.0665253652427744     
  0.86738431825549822        1.0659831368429578     
  0.86974134085945343        1.0654431139216103     
  0.87209836346340863        1.0649052953744906     
  0.87445538606736373        1.0643696797982043     
  0.87681240867131893        1.0638362656876192     
  0.87916943127527414        1.0633050517881844     
  0.88152645387922923        1.0627760370467552     
  0.88388347648318444        1.0622492200345499     
  0.88624049908713964        1.0617245998270499     
  0.88859752169109463        1.0612021750811125     
  0.89095454429504994        1.0606819441379813     
  0.89331156689900504        1.0601639055830767     
  0.89566858950296013        1.0596480582209880     
  0.89802561210691534        1.0591344008116996     
  0.90038263471087054        1.0586229322202250     
  0.90273965731482564        1.0581136509934479     
  0.90509667991878084        1.0576065564207833     
  0.90745370252273605        1.0571016470944559     
  0.90981072512669114        1.0565989218835810     
  0.91216774773064635        1.0560983797909194     
  0.91452477033460133        1.0556000197098379     
  0.91688179293855654        1.0551038404571085     
  0.91923881554251186        1.0546098409810896     
  0.92159583814646684        1.0541180200763658     
  0.92395286075042204        1.0536283765570285     
  0.92630988335437725        1.0531409095148987     
  0.92866690595833234        1.0526556177787609     
  0.93102392856228755        1.0521725002994993     
  0.93338095116624276        1.0516915556613082     
  0.93573797377019785        1.0512127825474427     
  0.93809499637415306        1.0507361800280139     
  0.94045201897810826        1.0502617469461595     
  0.94280904158206336        1.0497894823162133     
  0.94516606418601856        1.0493193847382876     
  0.94752308678997377        1.0488514535985938     
  0.94988010939392875        1.0483856877488649     
  0.95223713199788396        1.0479220860036567     
  0.95459415460183927        1.0474606475802475     
  0.95695117720579426        1.0470013716337998     
  0.95930819980974946        1.0465442569605139     
  0.96166522241370478        1.0460893024761340     
  0.96402224501765976        1.0456365071769655     
  0.96637926762161497        1.0451858701028662     
  0.96873629022557017        1.0447373904712287     
  0.97109331282952527        1.0442910675365809     
  0.97345033543348047        1.0438469008606714     
  0.97580735803743546        1.0434048894190686     
  0.97816438064139066        1.0429650329011881     
  0.98052140324534598        1.0425273304072491     
  0.98287842584930096        1.0420917818066779     
  0.98523544845325617        1.0416583863396520     
  0.98759247105721137        1.0412271435862059     
  0.98994949366116647        1.0407980529633278     
  0.99230651626512167        1.0403711139736753     
  0.99466353886907688        1.0399463264620501     
  0.99702056147303197        1.0395236903177605     
  0.99937758407698718        1.0391032052231932     
   1.0017346066809423        1.0386848706407315     
   1.0040916292848974        1.0382686864574366     
   1.0064486518888527        1.0378546520115337     
   1.0088056744928080        1.0374427670144828     
   1.0111626970967629        1.0370330309828262     
   1.0135197197007182        1.0366254433157345     
   1.0158767423046733        1.0362200034377749     
   1.0182337649086284        1.0358167109228362     
   1.0205907875125837        1.0354155652603643     
   1.0229478101165388        1.0350165664246578     
   1.0253048327204939        1.0346197141796227     
   1.0276618553244490        1.0342250085447120     
   1.0300188779284043        1.0338324493742213     
   1.0323759005323594        1.0334420367037505     
   1.0347329231363145        1.0330537705712641     
   1.0370899457402696        1.0326676511705062     
   1.0394469683442249        1.0322836786294254     
   1.0418039909481800        1.0319018530635806     
   1.0441610135521351        1.0315221746414844     
   1.0465180361560904        1.0311446434007476     
   1.0488750587600455        1.0307692596873996     
   1.0512320813640006        1.0303960242914889     
   1.0535891039679559        1.0300249376016997     
   1.0559461265719110        1.0296560001661041     
   1.0583031491758661        1.0292892125843167     
   1.0606601717798212        1.0289245753686764     
   1.0630171943837765        1.0285620891212250     
   1.0653742169877316        1.0282017542454278     
   1.0677312395916867        1.0278435715668996     
   1.0700882621956420        1.0274875415747013     
   1.0724452847995971        1.0271336648040468     
   1.0748023074035522        1.0267819417785946     
   1.0771593300075075        1.0264323733507954     
   1.0795163526114626        1.0260849602743751     
   1.0818733752154177        1.0257397034413946     
   1.0842303978193730        1.0253966037006221     
   1.0865874204233279        1.0250556615862914     
   1.0889444430272832        1.0247168781406464     
   1.0913014656312383        1.0243802538743729     
   1.0936584882351934        1.0240457902579345     
   1.0960155108391487        1.0237134876809368     
   1.0983725334431038        1.0233833474897038     
   1.1007295560470589        1.0230553707076280     
   1.1030865786510142        1.0227295582083540     
   1.1054436012549691        1.0224059114171096     
   1.1078006238589244        1.0220844315916040     
   1.1101576464628797        1.0217651202578117     
   1.1125146690668348        1.0214479789201369     
   1.1148716916707899        1.0211330088061388     
   1.1172287142747452        1.0208202114116602     
   1.1195857368787001        1.0205095882652573     
   1.1219427594826554        1.0202011409190175     
   1.1242997820866105        1.0198948707568354     
   1.1266568046905656        1.0195907796206114     
   1.1290138272945209        1.0192888691595616     
   1.1313708498984762        1.0189891412758987     
   1.1337278725024311        1.0186915974653779     
   1.1360848951063864        1.0183962403347990     
   1.1384419177103415        1.0181030713426498     
   1.1407989403142966        1.0178120928122678     
   1.1431559629182517        1.0175233064816576     
   1.1455129855222070        1.0172367143812984     
   1.1478700081261621        1.0169523190118956     
   1.1502270307301175        1.0166701224035244     
   1.1525840533340723        1.0163901267644764     
   1.1549410759380276        1.0161123341864493     
   1.1572980985419827        1.0158367466958504     
   1.1596551211459378        1.0155633666319446     
   1.1620121437498931        1.0152921963269410     
   1.1643691663538482        1.0150232379526918     
   1.1667261889578033        1.0147564940784688     
   1.1690832115617587        1.0144919671547892     
   1.1714402341657137        1.0142296596911353     
   1.1737972567696688        1.0139695744601520     
   1.1761542793736242        1.0137117142786705     
   1.1785113019775793        1.0134560817900145     
   1.1808683245815343        1.0132026803958938     
   1.1832253471854894        1.0129515123466641     
   1.1855823697894448        1.0127025807550905     
   1.1879393923933999        1.0124558884890600     
   1.1902964149973549        1.0122114385606140     
   1.1926534376013103        1.0119692343283664     
   1.1950104602052651        1.0117292789907228     
   1.1973674828092205        1.0114915760447587     
   1.1997245054131758        1.0112561282445121     
   1.2020815280171306        1.0110229391059826     
   1.2044385506210860        1.0107920126572270     
   1.2067955732250413        1.0105633525669566     
   1.2091525958289961        1.0103369623827290     
   1.2115096184329515        1.0101128456837274     
   1.2138666410369066        1.0098910061238615     
   1.2162236636408617        1.0096714474143971     
   1.2185806862448170        1.0094541735631535     
   1.2209377088487721        1.0092391880959435     
   1.2232947314527272        1.0090264949585650     
   1.2256517540566825        1.0088160980752630     
   1.2280087766606376        1.0086080012794303     
   1.2303657992645927        1.0084022087577738     
   1.2327228218685480        1.0081987246383775     
   1.2350798444725029        1.0079975532628762     
   1.2374368670764582        1.0077986987567784     
   1.2397938896804133        1.0076021652732019     
   1.2421509122843686        1.0074079570592736     
   1.2445079348883237        1.0072160782147586     
   1.2468649574922790        1.0070265335348476     
   1.2492219800962339        1.0068393277162559     
   1.2515790027001892        1.0066544659076022     
   1.2539360253041443        1.0064719529166839     
   1.2562930479080994        1.0062917936881466     
   1.2586500705120547        1.0061139938182335     
   1.2610070931160098        1.0059385585628149     
   1.2633641157199649        1.0057654932599969     
   1.2657211383239200        1.0055948035034565     
   1.2680781609278751        1.0054264947618099     
   1.2704351835318304        1.0052605727823292     
   1.2727922061357855        1.0050970431723518     
   1.2751492287397406        1.0049359116158192     
   1.2775062513436959        1.0047771838966646     
   1.2798632739476510        1.0046208659447906     
   1.2822202965516061        1.0044669641407851     
   1.2845773191555614        1.0043154845642337     
   1.2869343417595165        1.0041664336434433     
   1.2892913643634716        1.0040198181557771     
   1.2916483869674269        1.0038756450386381     
   1.2940054095713820        1.0037339213484615     
   1.2963624321753371        1.0035946536621927     
   1.2987194547792922        1.0034578491043971     
   1.3010764773832475        1.0033235148925606     
   1.3034334999872026        1.0031916585005343     
   1.3057905225911577        1.0030622875903548     
   1.3081475451951130        1.0029354096556788     
   1.3105045677990681        1.0028110326266331     
   1.3128615904030232        1.0026891643983604     
   1.3152186130069785        1.0025698133168992     
   1.3175756356109334        1.0024529878978952     
   1.3199326582148887        1.0023386969639734     
   1.3222896808188440        1.0022269494938929     
   1.3246467034227989        1.0021177540939943     
   1.3270037260267542        1.0020111202448401     
   1.3293607486307093        1.0019070576861326     
   1.3317177712346644        1.0018055764722149     
   1.3340747938386197        1.0017066868000351     
   1.3364318164425748        1.0016103994058294     
   1.3387888390465299        1.0015167253961208     
   1.3411458616504852        1.0014256761389415     
   1.3435028842544403        1.0013372637963529     
   1.3458599068583954        1.0012515001921820     
   1.3482169294623507        1.0011683979477080     
   1.3505739520663058        1.0010879700807682     
   1.3529309746702609        1.0010102298621348     
   1.3552879972742162        1.0009351914728561     
   1.3576450198781713        1.0008628693083883     
   1.3600020424821264        1.0007932786277858     
   1.3623590650860817        1.0007264349647529     
   1.3647160876900366        1.0006623546716586     
   1.3670731102939919        1.0006010551864473     
   1.3694301328979470        1.0005425544081683     
   1.3717871555019021        1.0004868718343476     
   1.3741441781058574        1.0004340275386399     
   1.3765012007098125        1.0003840425090909     
   1.3788582233137676        1.0003369398600357     
   1.3812152459177229        1.0002927438252063     
   1.3835722685216780        1.0002514805502862     
   1.3859292911256331        1.0002131784420063     
   1.3882863137295882        1.0001778682246869     
   1.3906433363335433        1.0001455841265412     
   1.3930003589374986        1.0001163634944386     
   1.3953573815414539        1.0000902482447034     
   1.3977144041454088        1.0000672858644102     
   1.4000714267493641        1.0000475312372168     
   1.4024284493533192        1.0000310494935418     
   1.4047854719572743        1.0000179205794719     
   1.4071424945612296        1.0000082478844063     
   1.4094995171651847        1.0000021798540020     
