   0.0000000000000000        1.9999999999998148     
   5.6343169815661160E-003   1.9999999999998059     
   1.1268633963132232E-002   1.9999999999997895     
   1.6902950944698347E-002   1.9999999999997022     
   2.2537267926264464E-002   1.9999999999997873     
   2.8171584907830578E-002   1.9999999999996678     
   3.3805901889396694E-002   1.9999999999996978     
   3.9440218870962808E-002   1.9999999999995539     
   4.5074535852528928E-002   1.9999999999995142     
   5.0708852834095049E-002   1.9999999999992832     
   5.6343169815661155E-002   1.9999999999992495     
   6.1977486797227276E-002   1.9999999999991194     
   6.7611803778793389E-002   1.9999999999990006     
   7.3246120760359509E-002   1.9999999999988047     
   7.8880437741925616E-002   1.9999999999985114     
   8.4514754723491736E-002   1.9999999999983027     
   9.0149071705057857E-002   1.9999999999977200     
   9.5783388686623963E-002   1.9999999999973774     
  0.10141770566819010        1.9999999999968479     
  0.10705202264975620        1.9999999999961036     
  0.11268633963132231        1.9999999999951865     
  0.11832065661288842        1.9999999999941522     
  0.12395497359445455        1.9999999999928522     
  0.12958929057602067        1.9999999999912763     
  0.13522360755758678        1.9999999999892260     
  0.14085792453915288        1.9999999999866898     
  0.14649224152071902        1.9999999999837084     
  0.15212655850228513        1.9999999999800244     
  0.15776087548385123        1.9999999999753526     
  0.16339519246541734        1.9999999999695675     
  0.16902950944698347        1.9999999999624585     
  0.17466382642854958        1.9999999999536962     
  0.18029814341011571        1.9999999999428562     
  0.18593246039168182        1.9999999999292255     
  0.19156677737324793        1.9999999999126294     
  0.19720109435481403        1.9999999998917939     
  0.20283541133638019        1.9999999998661790     
  0.20846972831794627        1.9999999998343194     
  0.21410404529951241        1.9999999997948072     
  0.21973836228107851        1.9999999997456603     
  0.22537267926264462        1.9999999996846844     
  0.23100699624421073        1.9999999996090225     
  0.23664131322577683        1.9999999995149675     
  0.24227563020734297        1.9999999993981141     
  0.24790994718890910        1.9999999992528559     
  0.25354426417047521        1.9999999990722881     
  0.25917858115204134        1.9999999988477895     
  0.26481289813360742        1.9999999985685957     
  0.27044721511517356        1.9999999982212253     
  0.27608153209673963        1.9999999977889278     
  0.28171584907830577        1.9999999972509621     
  0.28735016605987190        1.9999999965813922     
  0.29298448304143804        1.9999999957476260     
  0.29861880002300417        1.9999999947094660     
  0.30425311700457025        1.9999999934164379     
  0.30988743398613638        1.9999999918057092     
  0.31552175096770246        1.9999999897989467     
  0.32115606794926860        1.9999999872983576     
  0.32679038493083468        1.9999999841817830     
  0.33242470191240087        1.9999999802971757     
  0.33805901889396694        1.9999999754542515     
  0.34369333587553308        1.9999999694160218     
  0.34932765285709916        1.9999999618861710     
  0.35496196983866529        1.9999999524950045     
  0.36059628682023143        1.9999999407810090     
  0.36623060380179751        1.9999999261675960     
  0.37186492078336364        1.9999999079348787     
  0.37749923776492972        1.9999998851836613     
  0.38313355474649585        1.9999998567909354     
  0.38876787172806193        1.9999998213534522     
  0.39440218870962807        1.9999997771184868     
  0.40003650569119426        1.9999997218958678     
  0.40567082267276039        1.9999996529488140     
  0.41130513965432647        1.9999995668574626     
  0.41693945663589255        1.9999994593477064     
  0.42257377361745868        1.9999993250774271     
  0.42820809059902482        1.9999991573691209     
  0.43384240758059095        1.9999989478757372     
  0.43947672456215703        1.9999986861616807     
  0.44511104154372311        1.9999983591800183     
  0.45074535852528924        1.9999979506174961     
  0.45637967550685538        1.9999974400753486     
  0.46201399248842145        1.9999968020443388     
  0.46764830946998759        1.9999960046222720     
  0.47328262645155367        1.9999950079093904     
  0.47891694343311980        1.9999937619995749     
  0.48455126041468594        1.9999922044676612     
  0.49018557739625213        1.9999902572237467     
  0.49581989437781820        1.9999878225767456     
  0.50145421135938428        1.9999847783080238     
  0.50708852834095042        1.9999809715045482     
  0.51272284532251655        1.9999762108400780     
  0.51835716230408269        1.9999702569154296     
  0.52399147928564882        1.9999628101663087     
  0.52962579626721484        1.9999534957298060     
  0.53526011324878098        1.9999418445042985     
  0.54089443023034711        1.9999272694443819     
  0.54652874721191325        1.9999090358986895     
  0.55216306419347927        1.9998862244942766     
  0.55779738117504540        1.9998576847062535     
  0.56343169815661154        1.9998219767888505     
  0.56906601513817767        1.9997772991688221     
  0.57470033211974381        1.9997213976994006     
  0.58033464910130994        1.9996514522943301     
  0.58596896608287607        1.9995639353966854     
  0.59160328306444221        1.9994544354294095     
  0.59723760004600834        1.9993174367940370     
  0.60287191702757437        1.9991460460806447     
  0.60850623400914050        1.9989316518979052     
  0.61414055099070664        1.9986635031093181     
  0.61977486797227277        1.9983281872963417     
  0.62540918495383879        1.9979089880382048     
  0.63104350193540493        1.9973850962876842     
  0.63667781891697106        1.9967306480776625     
  0.64231213589853720        1.9959135586473313     
  0.64794645288010322        1.9948941228975487     
  0.65358076986166935        1.9936233555446521     
  0.65921508684323549        1.9920410540046736     
  0.66484940382480173        1.9900735865425756     
  0.67048372080636776        1.9876314425784793     
  0.67611803778793389        1.9846066376653320     
  0.68175235476950002        1.9808701499642944     
  0.68738667175106616        1.9762696849753163     
  0.69302098873263218        1.9706282239605404     
  0.69865530571419832        1.9637440021416228     
  0.70428962269576445        1.9553927594871319     
  0.70992393967733058        1.9453332536749854     
  0.71555825665889672        1.9333170271133022     
  0.72119257364046285        1.9191031493640391     
  0.72682689062202888        1.9024779831968788     
  0.73246120760359501        1.8832788884706402     
  0.73809552458516114        1.8614193010341511     
  0.74372984156672728        1.8369111838841155     
  0.74936415854829330        1.8098800587757748     
  0.75499847552985944        1.7805683118344868     
  0.76063279251142557        1.7493244791513234     
  0.76626710949299170        1.7165793284427484     
  0.77190142647455784        1.6828126998166293     
  0.77753574345612386        1.6485170558714486     
  0.78317006043769000        1.6141638346424778     
  0.78880437741925613        1.5801771639130473     
  0.79443869440082227        1.5469171028536692     
  0.80007301138238851        1.5146722806502095     
  0.80570732836395464        1.4836602352141732     
  0.81134164534552078        1.4540330843463585     
  0.81697596232708680        1.4258862075405248     
  0.82261027930865294        1.3992680685514884     
  0.82824459629021907        1.3741898891846738     
  0.83387891327178509        1.3506344170944198     
  0.83951323025335134        1.3285634374863584     
  0.84514754723491736        1.3079239499192288     
  0.85078186421648350        1.2886530893353281     
  0.85641618119804963        1.2706819470220256     
  0.86205049817961577        1.2539384718701867     
  0.86768481516118190        1.2383496274383137     
  0.87331913214274792        1.2238429610809132     
  0.87895344912431406        1.2103477169924823     
  0.88458776610588019        1.1977956005687278     
  0.89022208308744621        1.1861212794555751     
  0.89585640006901235        1.1752626879769208     
  0.90149071705057848        1.1651611863812026     
  0.90712503403214462        1.1557616142028868     
  0.91275935101371075        1.1470122675445407     
  0.91839366799527689        1.1388648227411085     
  0.92402798497684291        1.1312742232503756     
  0.92966230195840904        1.1241985423298761     
  0.93529661893997518        1.1175988308142608     
  0.94093093592154131        1.1114389568544973     
  0.94656525290310733        1.1056854426269889     
  0.95219956988467358        1.1003073016299649     
  0.95783388686623960        1.0952758791338668     
  0.96346820384780574        1.0905646975702115     
  0.96910252082937187        1.0861493080526423     
  0.97473683781093812        1.0820071487882712     
  0.98037115479250425        1.0781174108107534     
  0.98600547177407027        1.0744609112273669     
  0.99163978875563641        1.0710199739974302     
  0.99727410573720254        1.0677783181334592     
   1.0029084227187686        1.0647209531259600     
   1.0085427397003348        1.0618340813338811     
   1.0141770566819008        1.0591050070397090     
   1.0198113736634671        1.0565220518458309     
   1.0254456906450331        1.0540744760743541     
   1.0310800076265991        1.0517524058288705     
   1.0367143246081654        1.0495467653807762     
   1.0423486415897314        1.0474492145453433     
   1.0479829585712976        1.0454520907277292     
   1.0536172755528637        1.0435483553285234     
   1.0592515925344297        1.0417315442121393     
   1.0648859095159959        1.0399957219585199     
   1.0705202264975620        1.0383354396302247     
   1.0761545434791282        1.0367456958051826     
   1.0817888604606942        1.0352219006385033     
   1.0874231774422602        1.0337598427322825     
   1.0930574944238265        1.0323556586059770     
   1.0986918114053925        1.0310058045738995     
   1.1043261283869585        1.0297070308494074     
   1.1099604453685248        1.0284563577076111     
   1.1155947623500908        1.0272510535500958     
   1.1212290793316571        1.0260886147260548     
   1.1268633963132231        1.0249667469752302     
   1.1324977132947893        1.0238833483677692     
   1.1381320302763553        1.0228364936240917     
   1.1437663472579214        1.0218244197072783     
   1.1494006642394876        1.0208455125904530     
   1.1550349812210539        1.0198982951040523     
   1.1606692982026199        1.0189814157805255     
   1.1663036151841859        1.0180936386169388     
   1.1719379321657521        1.0172338336825608     
   1.1775722491473182        1.0164009685051909     
   1.1832065661288844        1.0155941001741167     
   1.1888408831104504        1.0148123681028978     
   1.1944752000920167        1.0140549873999476     
   1.2001095170735827        1.0133212427976661     
   1.2057438340551487        1.0126104830969380     
   1.2113781510367148        1.0119221160856309     
   1.2170124680182810        1.0112556038937857     
   1.2226467849998470        1.0106104587511093     
   1.2282811019814133        1.0099862391158607     
   1.2339154189629793        1.0093825461454375     
   1.2395497359445455        1.0087990204838144     
   1.2451840529261116        1.0082353393412777     
   1.2508183699076776        1.0076912138449108     
   1.2564526868892438        1.0071663866407874     
   1.2620870038708099        1.0066606297310883     
   1.2677213208523759        1.0061737425292441     
   1.2733556378339421        1.0057055501224645     
   1.2789899548155081        1.0052559017271183     
   1.2846242717970744        1.0048246693307830     
   1.2902585887786404        1.0044117465120703     
   1.2958929057602064        1.0040170474340990     
   1.3015272227417727        1.0036405060092857     
   1.3071615397233387        1.0032820752376290     
   1.3127958567049050        1.0029417267213556     
   1.3184301736864710        1.0026194503676431     
   1.3240644906680372        1.0023152542930067     
   1.3296988076496035        1.0020291649550943     
   1.3353331246311695        1.0017612275445265     
   1.3409674416127355        1.0015115066898739     
   1.3466017585943018        1.0012800875472734     
   1.3522360755758678        1.0010670773859973     
   1.3578703925574338        1.0008726078323309     
   1.3635047095390000        1.0006968380275361     
   1.3691390265205661        1.0005399591080109     
   1.3747733435021323        1.0004022007001292     
   1.3804076604836983        1.0002838406674410     
   1.3860419774652644        1.0001852205282300     
   1.3916762944468306        1.0001067718014072     
   1.3973106114283966        1.0000490667911563     
   1.4029449284099629        1.0000129397487045     
